     1 00000000                                 [FORMAT "WCOFF"]
     2 00000000                                 [INSTRSET "i486p"]
     3 00000000                                 [OPTIMIZE 1]
     4 00000000                                 [OPTION 1]
     5 00000000                                 [BITS 32]
     6 00000000                                 	EXTERN	_init_gdtidt
     7 00000000                                 	EXTERN	_init_pic
     8 00000000                                 	EXTERN	_io_sti
     9 00000000                                 	EXTERN	_fifo32_init
    10 00000000                                 	EXTERN	_init_pit
    11 00000000                                 	EXTERN	_init_keyboard
    12 00000000                                 	EXTERN	_enable_mouse
    13 00000000                                 	EXTERN	_io_out8
    14 00000000                                 	EXTERN	_memtest
    15 00000000                                 	EXTERN	_memman_init
    16 00000000                                 	EXTERN	_memman_free
    17 00000000                                 	EXTERN	_init_palette
    18 00000000                                 	EXTERN	_shtctl_init
    19 00000000                                 	EXTERN	_task_init
    20 00000000                                 	EXTERN	_task_run
    21 00000000                                 	EXTERN	_sheet_alloc
    22 00000000                                 	EXTERN	_memman_alloc_4k
    23 00000000                                 	EXTERN	_sheet_setbuf
    24 00000000                                 	EXTERN	_init_screen8
    25 00000000                                 	EXTERN	_sprintf
    26 00000000                                 	EXTERN	_task_alloc
    27 00000000                                 	EXTERN	_timer_alloc
    28 00000000                                 	EXTERN	_timer_init
    29 00000000                                 	EXTERN	_timer_settime
    30 00000000                                 	EXTERN	_init_mouse_cursor8
    31 00000000                                 	EXTERN	_sheet_slide
    32 00000000                                 	EXTERN	_sheet_updown
    33 00000000                                 	EXTERN	_memman_total
    34 00000000                                 	EXTERN	_io_cli
    35 00000000                                 	EXTERN	_fifo32_status
    36 00000000                                 	EXTERN	_fifo32_get
    37 00000000                                 	EXTERN	_boxfill8
    38 00000000                                 	EXTERN	_sheet_refresh
    39 00000000                                 	EXTERN	_mouse_decode
    40 00000000                                 	EXTERN	_keytable.0
    41 00000000                                 	EXTERN	_task_sleep
    42 00000000                                 	EXTERN	_putfonts8_asc
    43 00000000                                 [FILE "bootpack.c"]
    44                                          [SECTION .data]
    45 00000000                                 _keytable.0:
    46 00000000 00                              	DB	0
    47 00000001 00                              	DB	0
    48 00000002 31                              	DB	49
    49 00000003 32                              	DB	50
    50 00000004 33                              	DB	51
    51 00000005 34                              	DB	52
    52 00000006 35                              	DB	53
    53 00000007 36                              	DB	54
    54 00000008 37                              	DB	55
    55 00000009 38                              	DB	56
    56 0000000A 39                              	DB	57
    57 0000000B 30                              	DB	48
    58 0000000C 2D                              	DB	45
    59 0000000D 5E                              	DB	94
    60 0000000E 00                              	DB	0
    61 0000000F 00                              	DB	0
    62 00000010 51                              	DB	81
    63 00000011 57                              	DB	87
    64 00000012 45                              	DB	69
    65 00000013 52                              	DB	82
    66 00000014 54                              	DB	84
    67 00000015 59                              	DB	89
    68 00000016 55                              	DB	85
    69 00000017 49                              	DB	73
    70 00000018 4F                              	DB	79
    71 00000019 50                              	DB	80
    72 0000001A 40                              	DB	64
    73 0000001B 5B                              	DB	91
    74 0000001C 00                              	DB	0
    75 0000001D 00                              	DB	0
    76 0000001E 41                              	DB	65
    77 0000001F 53                              	DB	83
    78 00000020 44                              	DB	68
    79 00000021 46                              	DB	70
    80 00000022 47                              	DB	71
    81 00000023 48                              	DB	72
    82 00000024 4A                              	DB	74
    83 00000025 4B                              	DB	75
    84 00000026 4C                              	DB	76
    85 00000027 3B                              	DB	59
    86 00000028 3A                              	DB	58
    87 00000029 00                              	DB	0
    88 0000002A 00                              	DB	0
    89 0000002B 5D                              	DB	93
    90 0000002C 5A                              	DB	90
    91 0000002D 58                              	DB	88
    92 0000002E 43                              	DB	67
    93 0000002F 56                              	DB	86
    94 00000030 42                              	DB	66
    95 00000031 4E                              	DB	78
    96 00000032 4D                              	DB	77
    97 00000033 2C                              	DB	44
    98 00000034 2E                              	DB	46
    99 00000035 2F                              	DB	47
   100 00000036 00                              	DB	0
   101 00000037 2A                              	DB	42
   102 00000038 00                              	DB	0
   103 00000039 20                              	DB	32
   104 0000003A 00                              	DB	0
   105 0000003B 00                              	DB	0
   106 0000003C 00                              	DB	0
   107 0000003D 00                              	DB	0
   108 0000003E 00                              	DB	0
   109 0000003F 00                              	DB	0
   110 00000040 00                              	DB	0
   111 00000041 00                              	DB	0
   112 00000042 00                              	DB	0
   113 00000043 00                              	DB	0
   114 00000044 00                              	DB	0
   115 00000045 00                              	DB	0
   116 00000046 00                              	DB	0
   117 00000047 37                              	DB	55
   118 00000048 38                              	DB	56
   119 00000049 39                              	DB	57
   120 0000004A 2D                              	DB	45
   121 0000004B 34                              	DB	52
   122 0000004C 35                              	DB	53
   123 0000004D 36                              	DB	54
   124 0000004E 2B                              	DB	43
   125 0000004F 31                              	DB	49
   126 00000050 32                              	DB	50
   127 00000051 33                              	DB	51
   128 00000052 30                              	DB	48
   129 00000053 2E                              	DB	46
   130 00000054                                 LC0:
   131 00000054 74 61 73 6B 5F 62 25 64 00      	DB	"task_b%d",0x00
   132 0000005D                                 LC1:
   133 0000005D 74 61 73 6B 5F 61 00            	DB	"task_a",0x00
   134 00000064                                 LC2:
   135 00000064 28 25 33 64 2C 20 25 33 64 29   	DB	"(%3d, %3d)",0x00
       0000006E 00 
   136 0000006F                                 LC3:
   137 0000006F 6D 65 6D 6F 72 79 20 25 64 4D   	DB	"memory %dMB   free : %dKB",0x00
       00000079 42 20 20 20 66 72 65 65 20 3A 
       00000083 20 25 64 4B 42 00 
   138 00000089                                 LC6:
   139 00000089 5B 6C 63 72 20 25 34 64 20 25   	DB	"[lcr %4d %4d]",0x00
       00000093 34 64 5D 00 
   140 00000097                                 LC4:
   141 00000097 25 30 32 58 00                  	DB	"%02X",0x00
   142 0000009C                                 LC5:
   143 0000009C 20 00                           	DB	" ",0x00
   144                                          [SECTION .text]
   145 00000000                                 	GLOBAL	_HariMain
   146 00000000                                 _HariMain:
   147 00000000 55                              	PUSH	EBP
   148 00000001 89 E5                           	MOV	EBP,ESP
   149 00000003 57                              	PUSH	EDI
   150 00000004 56                              	PUSH	ESI
   151 00000005 31 F6                           	XOR	ESI,ESI
   152 00000007 53                              	PUSH	EBX
   153 00000008 8D 5D D4                        	LEA	EBX,DWORD [-44+EBP]
   154 0000000B 81 EC 000003AC                  	SUB	ESP,940
   155 00000011 E8 [00000000]                   	CALL	_init_gdtidt
   156 00000016 E8 [00000000]                   	CALL	_init_pic
   157 0000001B E8 [00000000]                   	CALL	_io_sti
   158 00000020 8D 85 FFFFFDA4                  	LEA	EAX,DWORD [-604+EBP]
   159 00000026 6A 00                           	PUSH	0
   160 00000028 50                              	PUSH	EAX
   161 00000029 68 00000080                     	PUSH	128
   162 0000002E 53                              	PUSH	EBX
   163 0000002F E8 [00000000]                   	CALL	_fifo32_init
   164 00000034 E8 [00000000]                   	CALL	_init_pit
   165 00000039 68 00000100                     	PUSH	256
   166 0000003E 53                              	PUSH	EBX
   167 0000003F E8 [00000000]                   	CALL	_init_keyboard
   168 00000044 8D 85 FFFFFD94                  	LEA	EAX,DWORD [-620+EBP]
   169 0000004A 50                              	PUSH	EAX
   170 0000004B 68 00000200                     	PUSH	512
   171 00000050 53                              	PUSH	EBX
   172 00000051 E8 [00000000]                   	CALL	_enable_mouse
   173 00000056 83 C4 24                        	ADD	ESP,36
   174 00000059 68 000000F8                     	PUSH	248
   175 0000005E 6A 21                           	PUSH	33
   176 00000060 E8 [00000000]                   	CALL	_io_out8
   177 00000065 68 000000EF                     	PUSH	239
   178 0000006A 68 000000A1                     	PUSH	161
   179 0000006F E8 [00000000]                   	CALL	_io_out8
   180 00000074 68 BFFFFFFF                     	PUSH	-1073741825
   181 00000079 68 00400000                     	PUSH	4194304
   182 0000007E E8 [00000000]                   	CALL	_memtest
   183 00000083 68 003C0000                     	PUSH	3932160
   184 00000088 89 85 FFFFFC64                  	MOV	DWORD [-924+EBP],EAX
   185 0000008E E8 [00000000]                   	CALL	_memman_init
   186 00000093 68 0009E000                     	PUSH	647168
   187 00000098 68 00001000                     	PUSH	4096
   188 0000009D 68 003C0000                     	PUSH	3932160
   189 000000A2 E8 [00000000]                   	CALL	_memman_free
   190 000000A7 8B 85 FFFFFC64                  	MOV	EAX,DWORD [-924+EBP]
   191 000000AD 83 C4 28                        	ADD	ESP,40
   192 000000B0 2D 00400000                     	SUB	EAX,4194304
   193 000000B5 50                              	PUSH	EAX
   194 000000B6 68 00400000                     	PUSH	4194304
   195 000000BB 68 003C0000                     	PUSH	3932160
   196 000000C0 E8 [00000000]                   	CALL	_memman_free
   197 000000C5 E8 [00000000]                   	CALL	_init_palette
   198 000000CA 0F BF 05 00000FF6               	MOVSX	EAX,WORD [4086]
   199 000000D1 50                              	PUSH	EAX
   200 000000D2 0F BF 05 00000FF4               	MOVSX	EAX,WORD [4084]
   201 000000D9 50                              	PUSH	EAX
   202 000000DA FF 35 00000FF8                  	PUSH	DWORD [4088]
   203 000000E0 68 003C0000                     	PUSH	3932160
   204 000000E5 E8 [00000000]                   	CALL	_shtctl_init
   205 000000EA 68 003C0000                     	PUSH	3932160
   206 000000EF 89 C7                           	MOV	EDI,EAX
   207 000000F1 E8 [00000000]                   	CALL	_task_init
   208 000000F6 83 C4 20                        	ADD	ESP,32
   209 000000F9 89 85 FFFFFC54                  	MOV	DWORD [-940+EBP],EAX
   210 000000FF 89 45 EC                        	MOV	DWORD [-20+EBP],EAX
   211 00000102 6A 02                           	PUSH	2
   212 00000104 6A 01                           	PUSH	1
   213 00000106 50                              	PUSH	EAX
   214 00000107 E8 [00000000]                   	CALL	_task_run
   215 0000010C 57                              	PUSH	EDI
   216 0000010D E8 [00000000]                   	CALL	_sheet_alloc
   217 00000112 0F BF 15 00000FF6               	MOVSX	EDX,WORD [4086]
   218 00000119 89 85 FFFFFC60                  	MOV	DWORD [-928+EBP],EAX
   219 0000011F 0F BF 05 00000FF4               	MOVSX	EAX,WORD [4084]
   220 00000126 0F AF C2                        	IMUL	EAX,EDX
   221 00000129 50                              	PUSH	EAX
   222 0000012A 68 003C0000                     	PUSH	3932160
   223 0000012F E8 [00000000]                   	CALL	_memman_alloc_4k
   224 00000134 6A FF                           	PUSH	-1
   225 00000136 89 C3                           	MOV	EBX,EAX
   226 00000138 0F BF 05 00000FF6               	MOVSX	EAX,WORD [4086]
   227 0000013F 50                              	PUSH	EAX
   228 00000140 0F BF 05 00000FF4               	MOVSX	EAX,WORD [4084]
   229 00000147 50                              	PUSH	EAX
   230 00000148 53                              	PUSH	EBX
   231 00000149 FF B5 FFFFFC60                  	PUSH	DWORD [-928+EBP]
   232 0000014F E8 [00000000]                   	CALL	_sheet_setbuf
   233 00000154 83 C4 2C                        	ADD	ESP,44
   234 00000157 0F BF 05 00000FF6               	MOVSX	EAX,WORD [4086]
   235 0000015E 50                              	PUSH	EAX
   236 0000015F 0F BF 05 00000FF4               	MOVSX	EAX,WORD [4084]
   237 00000166 50                              	PUSH	EAX
   238 00000167 53                              	PUSH	EBX
   239 00000168 E8 [00000000]                   	CALL	_init_screen8
   240 0000016D 83 C4 0C                        	ADD	ESP,12
   241 00000170                                 L6:
   242 00000170 57                              	PUSH	EDI
   243 00000171 E8 [00000000]                   	CALL	_sheet_alloc
   244 00000176 68 00001D40                     	PUSH	7488
   245 0000017B 68 003C0000                     	PUSH	3932160
   246 00000180 89 84 B5 FFFFFC84               	MOV	DWORD [-892+EBP+ESI*4],EAX
   247 00000187 E8 [00000000]                   	CALL	_memman_alloc_4k
   248 0000018C 6A FF                           	PUSH	-1
   249 0000018E 89 C3                           	MOV	EBX,EAX
   250 00000190 6A 34                           	PUSH	52
   251 00000192 68 00000090                     	PUSH	144
   252 00000197 50                              	PUSH	EAX
   253 00000198 FF B4 B5 FFFFFC84               	PUSH	DWORD [-892+EBP+ESI*4]
   254 0000019F E8 [00000000]                   	CALL	_sheet_setbuf
   255 000001A4 8D 45 A4                        	LEA	EAX,DWORD [-92+EBP]
   256 000001A7 83 C4 20                        	ADD	ESP,32
   257 000001AA 56                              	PUSH	ESI
   258 000001AB 68 [00000054]                   	PUSH	LC0
   259 000001B0 50                              	PUSH	EAX
   260 000001B1 E8 [00000000]                   	CALL	_sprintf
   261 000001B6 8D 55 A4                        	LEA	EDX,DWORD [-92+EBP]
   262 000001B9 6A 00                           	PUSH	0
   263 000001BB 52                              	PUSH	EDX
   264 000001BC 6A 34                           	PUSH	52
   265 000001BE 68 00000090                     	PUSH	144
   266 000001C3 53                              	PUSH	EBX
   267 000001C4 E8 000005E7                     	CALL	_make_window8
   268 000001C9 83 C4 20                        	ADD	ESP,32
   269 000001CC E8 [00000000]                   	CALL	_task_alloc
   270 000001D1 68 00010000                     	PUSH	65536
   271 000001D6 89 C3                           	MOV	EBX,EAX
   272 000001D8 68 003C0000                     	PUSH	3932160
   273 000001DD 89 84 B5 FFFFFC74               	MOV	DWORD [-908+EBP+ESI*4],EAX
   274 000001E4 E8 [00000000]                   	CALL	_memman_alloc_4k
   275 000001E9 05 0000FFF8                     	ADD	EAX,65528
   276 000001EE 89 43 48                        	MOV	DWORD [72+EBX],EAX
   277 000001F1 8B 9C B5 FFFFFC84               	MOV	EBX,DWORD [-892+EBP+ESI*4]
   278 000001F8 8B 84 B5 FFFFFC74               	MOV	EAX,DWORD [-908+EBP+ESI*4]
   279 000001FF 8B 48 48                        	MOV	ECX,DWORD [72+EAX]
   280 00000202 C7 40 30 [00000B0D]             	MOV	DWORD [48+EAX],_task_b_main
   281 00000209 C7 40 58 00000008               	MOV	DWORD [88+EAX],8
   282 00000210 C7 40 5C 00000010               	MOV	DWORD [92+EAX],16
   283 00000217 C7 40 60 00000008               	MOV	DWORD [96+EAX],8
   284 0000021E C7 40 64 00000008               	MOV	DWORD [100+EAX],8
   285 00000225 C7 40 68 00000008               	MOV	DWORD [104+EAX],8
   286 0000022C C7 40 6C 00000008               	MOV	DWORD [108+EAX],8
   287 00000233 89 59 04                        	MOV	DWORD [4+ECX],EBX
   288 00000236 8D 5E 01                        	LEA	EBX,DWORD [1+ESI]
   289 00000239 53                              	PUSH	EBX
   290 0000023A 89 DE                           	MOV	ESI,EBX
   291 0000023C 6A 02                           	PUSH	2
   292 0000023E 50                              	PUSH	EAX
   293 0000023F E8 [00000000]                   	CALL	_task_run
   294 00000244 83 C4 14                        	ADD	ESP,20
   295 00000247 83 FB 02                        	CMP	EBX,2
   296 0000024A 0F 8E FFFFFF20                  	JLE	L6
   297 00000250 57                              	PUSH	EDI
   298 00000251 E8 [00000000]                   	CALL	_sheet_alloc
   299 00000256 68 00002080                     	PUSH	8320
   300 0000025B 68 003C0000                     	PUSH	3932160
   301 00000260 89 85 FFFFFC58                  	MOV	DWORD [-936+EBP],EAX
   302 00000266 E8 [00000000]                   	CALL	_memman_alloc_4k
   303 0000026B 6A FF                           	PUSH	-1
   304 0000026D 89 C3                           	MOV	EBX,EAX
   305 0000026F 6A 34                           	PUSH	52
   306 00000271 68 00000090                     	PUSH	144
   307 00000276 50                              	PUSH	EAX
   308 00000277 FF B5 FFFFFC58                  	PUSH	DWORD [-936+EBP]
   309 0000027D E8 [00000000]                   	CALL	_sheet_setbuf
   310 00000282 83 C4 20                        	ADD	ESP,32
   311 00000285 6A 01                           	PUSH	1
   312 00000287 68 [0000005D]                   	PUSH	LC1
   313 0000028C 6A 34                           	PUSH	52
   314 0000028E 68 00000090                     	PUSH	144
   315 00000293 53                              	PUSH	EBX
   316 00000294 8D 9D FFFFFC94                  	LEA	EBX,DWORD [-876+EBP]
   317 0000029A E8 00000511                     	CALL	_make_window8
   318 0000029F 6A 07                           	PUSH	7
   319 000002A1 6A 10                           	PUSH	16
   320 000002A3 68 00000080                     	PUSH	128
   321 000002A8 6A 1C                           	PUSH	28
   322 000002AA 6A 08                           	PUSH	8
   323 000002AC FF B5 FFFFFC58                  	PUSH	DWORD [-936+EBP]
   324 000002B2 E8 00000720                     	CALL	_make_textbox8
   325 000002B7 83 C4 2C                        	ADD	ESP,44
   326 000002BA C7 85 FFFFFC6C 00000008         	MOV	DWORD [-916+EBP],8
   327 000002C4 C7 85 FFFFFC68 00000007         	MOV	DWORD [-920+EBP],7
   328 000002CE E8 [00000000]                   	CALL	_timer_alloc
   329 000002D3 6A 01                           	PUSH	1
   330 000002D5 89 85 FFFFFC50                  	MOV	DWORD [-944+EBP],EAX
   331 000002DB 8D 45 D4                        	LEA	EAX,DWORD [-44+EBP]
   332 000002DE 50                              	PUSH	EAX
   333 000002DF FF B5 FFFFFC50                  	PUSH	DWORD [-944+EBP]
   334 000002E5 E8 [00000000]                   	CALL	_timer_init
   335 000002EA 6A 32                           	PUSH	50
   336 000002EC FF B5 FFFFFC50                  	PUSH	DWORD [-944+EBP]
   337 000002F2 E8 [00000000]                   	CALL	_timer_settime
   338 000002F7 57                              	PUSH	EDI
   339 000002F8 E8 [00000000]                   	CALL	_sheet_alloc
   340 000002FD 6A 63                           	PUSH	99
   341 000002FF 6A 10                           	PUSH	16
   342 00000301 6A 10                           	PUSH	16
   343 00000303 89 85 FFFFFC5C                  	MOV	DWORD [-932+EBP],EAX
   344 00000309 53                              	PUSH	EBX
   345 0000030A 50                              	PUSH	EAX
   346 0000030B E8 [00000000]                   	CALL	_sheet_setbuf
   347 00000310 83 C4 2C                        	ADD	ESP,44
   348 00000313 6A 63                           	PUSH	99
   349 00000315 53                              	PUSH	EBX
   350 00000316 BB 00000002                     	MOV	EBX,2
   351 0000031B E8 [00000000]                   	CALL	_init_mouse_cursor8
   352 00000320 0F BF 05 00000FF4               	MOVSX	EAX,WORD [4084]
   353 00000327 8D 48 F0                        	LEA	ECX,DWORD [-16+EAX]
   354 0000032A 89 C8                           	MOV	EAX,ECX
   355 0000032C 99                              	CDQ
   356 0000032D F7 FB                           	IDIV	EBX
   357 0000032F 89 85 FFFFFC70                  	MOV	DWORD [-912+EBP],EAX
   358 00000335 0F BF 05 00000FF6               	MOVSX	EAX,WORD [4086]
   359 0000033C 6A 00                           	PUSH	0
   360 0000033E 8D 48 D4                        	LEA	ECX,DWORD [-44+EAX]
   361 00000341 6A 00                           	PUSH	0
   362 00000343 89 C8                           	MOV	EAX,ECX
   363 00000345 99                              	CDQ
   364 00000346 F7 FB                           	IDIV	EBX
   365 00000348 FF B5 FFFFFC60                  	PUSH	DWORD [-928+EBP]
   366 0000034E 89 C7                           	MOV	EDI,EAX
   367 00000350 8D 5D A4                        	LEA	EBX,DWORD [-92+EBP]
   368 00000353 E8 [00000000]                   	CALL	_sheet_slide
   369 00000358 6A 38                           	PUSH	56
   370 0000035A 68 000000A8                     	PUSH	168
   371 0000035F FF B5 FFFFFC84                  	PUSH	DWORD [-892+EBP]
   372 00000365 E8 [00000000]                   	CALL	_sheet_slide
   373 0000036A 83 C4 20                        	ADD	ESP,32
   374 0000036D 6A 74                           	PUSH	116
   375 0000036F 6A 08                           	PUSH	8
   376 00000371 FF B5 FFFFFC88                  	PUSH	DWORD [-888+EBP]
   377 00000377 E8 [00000000]                   	CALL	_sheet_slide
   378 0000037C 6A 74                           	PUSH	116
   379 0000037E 68 000000A8                     	PUSH	168
   380 00000383 FF B5 FFFFFC8C                  	PUSH	DWORD [-884+EBP]
   381 00000389 E8 [00000000]                   	CALL	_sheet_slide
   382 0000038E 6A 38                           	PUSH	56
   383 00000390 6A 08                           	PUSH	8
   384 00000392 FF B5 FFFFFC58                  	PUSH	DWORD [-936+EBP]
   385 00000398 E8 [00000000]                   	CALL	_sheet_slide
   386 0000039D 83 C4 24                        	ADD	ESP,36
   387 000003A0 57                              	PUSH	EDI
   388 000003A1 FF B5 FFFFFC70                  	PUSH	DWORD [-912+EBP]
   389 000003A7 FF B5 FFFFFC5C                  	PUSH	DWORD [-932+EBP]
   390 000003AD E8 [00000000]                   	CALL	_sheet_slide
   391 000003B2 6A 00                           	PUSH	0
   392 000003B4 FF B5 FFFFFC60                  	PUSH	DWORD [-928+EBP]
   393 000003BA E8 [00000000]                   	CALL	_sheet_updown
   394 000003BF 6A 01                           	PUSH	1
   395 000003C1 FF B5 FFFFFC84                  	PUSH	DWORD [-892+EBP]
   396 000003C7 E8 [00000000]                   	CALL	_sheet_updown
   397 000003CC 6A 02                           	PUSH	2
   398 000003CE FF B5 FFFFFC88                  	PUSH	DWORD [-888+EBP]
   399 000003D4 E8 [00000000]                   	CALL	_sheet_updown
   400 000003D9 83 C4 24                        	ADD	ESP,36
   401 000003DC 6A 03                           	PUSH	3
   402 000003DE FF B5 FFFFFC8C                  	PUSH	DWORD [-884+EBP]
   403 000003E4 E8 [00000000]                   	CALL	_sheet_updown
   404 000003E9 6A 04                           	PUSH	4
   405 000003EB FF B5 FFFFFC58                  	PUSH	DWORD [-936+EBP]
   406 000003F1 E8 [00000000]                   	CALL	_sheet_updown
   407 000003F6 6A 05                           	PUSH	5
   408 000003F8 FF B5 FFFFFC5C                  	PUSH	DWORD [-932+EBP]
   409 000003FE E8 [00000000]                   	CALL	_sheet_updown
   410 00000403 57                              	PUSH	EDI
   411 00000404 FF B5 FFFFFC70                  	PUSH	DWORD [-912+EBP]
   412 0000040A 68 [00000064]                   	PUSH	LC2
   413 0000040F 53                              	PUSH	EBX
   414 00000410 E8 [00000000]                   	CALL	_sprintf
   415 00000415 83 C4 28                        	ADD	ESP,40
   416 00000418 6A 0A                           	PUSH	10
   417 0000041A 53                              	PUSH	EBX
   418 0000041B 6A 0E                           	PUSH	14
   419 0000041D 6A 07                           	PUSH	7
   420 0000041F 6A 00                           	PUSH	0
   421 00000421 6A 00                           	PUSH	0
   422 00000423 FF B5 FFFFFC60                  	PUSH	DWORD [-928+EBP]
   423 00000429 E8 00000522                     	CALL	_putfonts8_asc_sht
   424 0000042E 68 003C0000                     	PUSH	3932160
   425 00000433 E8 [00000000]                   	CALL	_memman_total
   426 00000438 C1 AD FFFFFC64 14               	SHR	DWORD [-924+EBP],20
   427 0000043F C1 E8 0A                        	SHR	EAX,10
   428 00000442 89 04 24                        	MOV	DWORD [ESP],EAX
   429 00000445 FF B5 FFFFFC64                  	PUSH	DWORD [-924+EBP]
   430 0000044B 68 [0000006F]                   	PUSH	LC3
   431 00000450 53                              	PUSH	EBX
   432 00000451 E8 [00000000]                   	CALL	_sprintf
   433 00000456 83 C4 2C                        	ADD	ESP,44
   434 00000459 6A 28                           	PUSH	40
   435 0000045B 53                              	PUSH	EBX
   436 0000045C 6A 0E                           	PUSH	14
   437 0000045E 6A 07                           	PUSH	7
   438 00000460 6A 20                           	PUSH	32
   439 00000462 6A 00                           	PUSH	0
   440 00000464 FF B5 FFFFFC60                  	PUSH	DWORD [-928+EBP]
   441 0000046A E8 000004E1                     	CALL	_putfonts8_asc_sht
   442 0000046F 83 C4 1C                        	ADD	ESP,28
   443 00000472                                 L7:
   444 00000472 8D 5D D4                        	LEA	EBX,DWORD [-44+EBP]
   445 00000475 E8 [00000000]                   	CALL	_io_cli
   446 0000047A 53                              	PUSH	EBX
   447 0000047B E8 [00000000]                   	CALL	_fifo32_status
   448 00000480 5E                              	POP	ESI
   449 00000481 85 C0                           	TEST	EAX,EAX
   450 00000483 0F 84 00000311                  	JE	L34
   451 00000489 53                              	PUSH	EBX
   452 0000048A E8 [00000000]                   	CALL	_fifo32_get
   453 0000048F 89 C6                           	MOV	ESI,EAX
   454 00000491 E8 [00000000]                   	CALL	_io_sti
   455 00000496 5A                              	POP	EDX
   456 00000497 8D 86 FFFFFF00                  	LEA	EAX,DWORD [-256+ESI]
   457 0000049D 3D 000000FF                     	CMP	EAX,255
   458 000004A2 0F 86 000001F5                  	JBE	L35
   459 000004A8 8D 86 FFFFFE00                  	LEA	EAX,DWORD [-512+ESI]
   460 000004AE 3D 000000FF                     	CMP	EAX,255
   461 000004B3 0F 86 000000A2                  	JBE	L36
   462 000004B9 83 FE 01                        	CMP	ESI,1
   463 000004BC 7F B4                           	JG	L7
   464 000004BE 85 F6                           	TEST	ESI,ESI
   465 000004C0 74 7C                           	JE	L29
   466 000004C2 6A 00                           	PUSH	0
   467 000004C4 53                              	PUSH	EBX
   468 000004C5 FF B5 FFFFFC50                  	PUSH	DWORD [-944+EBP]
   469 000004CB E8 [00000000]                   	CALL	_timer_init
   470 000004D0 C7 85 FFFFFC68 00000000         	MOV	DWORD [-920+EBP],0
   471 000004DA                                 L33:
   472 000004DA 83 C4 0C                        	ADD	ESP,12
   473 000004DD 6A 32                           	PUSH	50
   474 000004DF FF B5 FFFFFC50                  	PUSH	DWORD [-944+EBP]
   475 000004E5 E8 [00000000]                   	CALL	_timer_settime
   476 000004EA 8B 95 FFFFFC58                  	MOV	EDX,DWORD [-936+EBP]
   477 000004F0 8B 85 FFFFFC6C                  	MOV	EAX,DWORD [-916+EBP]
   478 000004F6 6A 2B                           	PUSH	43
   479 000004F8 83 C0 07                        	ADD	EAX,7
   480 000004FB 50                              	PUSH	EAX
   481 000004FC 6A 1C                           	PUSH	28
   482 000004FE FF B5 FFFFFC6C                  	PUSH	DWORD [-916+EBP]
   483 00000504 FF B5 FFFFFC68                  	PUSH	DWORD [-920+EBP]
   484 0000050A FF 72 04                        	PUSH	DWORD [4+EDX]
   485 0000050D FF 32                           	PUSH	DWORD [EDX]
   486 0000050F E8 [00000000]                   	CALL	_boxfill8
   487 00000514 8B 85 FFFFFC6C                  	MOV	EAX,DWORD [-916+EBP]
   488 0000051A 83 C4 24                        	ADD	ESP,36
   489 0000051D 83 C0 08                        	ADD	EAX,8
   490 00000520 6A 2C                           	PUSH	44
   491 00000522 50                              	PUSH	EAX
   492 00000523 6A 1C                           	PUSH	28
   493 00000525 FF B5 FFFFFC6C                  	PUSH	DWORD [-916+EBP]
   494 0000052B FF B5 FFFFFC58                  	PUSH	DWORD [-936+EBP]
   495 00000531 E8 [00000000]                   	CALL	_sheet_refresh
   496 00000536 83 C4 14                        	ADD	ESP,20
   497 00000539 E9 FFFFFF34                     	JMP	L7
   498 0000053E                                 L29:
   499 0000053E 6A 01                           	PUSH	1
   500 00000540 53                              	PUSH	EBX
   501 00000541 FF B5 FFFFFC50                  	PUSH	DWORD [-944+EBP]
   502 00000547 E8 [00000000]                   	CALL	_timer_init
   503 0000054C C7 85 FFFFFC68 00000007         	MOV	DWORD [-920+EBP],7
   504 00000556 E9 FFFFFF7F                     	JMP	L33
   505 0000055B                                 L36:
   506 0000055B 89 F2                           	MOV	EDX,ESI
   507 0000055D 0F B6 C2                        	MOVZX	EAX,DL
   508 00000560 50                              	PUSH	EAX
   509 00000561 8D 85 FFFFFD94                  	LEA	EAX,DWORD [-620+EBP]
   510 00000567 50                              	PUSH	EAX
   511 00000568 E8 [00000000]                   	CALL	_mouse_decode
   512 0000056D 5A                              	POP	EDX
   513 0000056E 59                              	POP	ECX
   514 0000056F 85 C0                           	TEST	EAX,EAX
   515 00000571 0F 84 FFFFFEFB                  	JE	L7
   516 00000577 FF B5 FFFFFD9C                  	PUSH	DWORD [-612+EBP]
   517 0000057D FF B5 FFFFFD98                  	PUSH	DWORD [-616+EBP]
   518 00000583 68 [00000089]                   	PUSH	LC6
   519 00000588 8D 5D A4                        	LEA	EBX,DWORD [-92+EBP]
   520 0000058B 53                              	PUSH	EBX
   521 0000058C E8 [00000000]                   	CALL	_sprintf
   522 00000591 83 C4 10                        	ADD	ESP,16
   523 00000594 8B 85 FFFFFDA0                  	MOV	EAX,DWORD [-608+EBP]
   524 0000059A A9 00000001                     	TEST	EAX,1
   525 0000059F 74 04                           	JE	L19
   526 000005A1 C6 45 A5 4C                     	MOV	BYTE [-91+EBP],76
   527 000005A5                                 L19:
   528 000005A5 A9 00000002                     	TEST	EAX,2
   529 000005AA 74 04                           	JE	L20
   530 000005AC C6 45 A7 52                     	MOV	BYTE [-89+EBP],82
   531 000005B0                                 L20:
   532 000005B0 83 E0 04                        	AND	EAX,4
   533 000005B3 74 04                           	JE	L21
   534 000005B5 C6 45 A6 43                     	MOV	BYTE [-90+EBP],67
   535 000005B9                                 L21:
   536 000005B9 6A 0F                           	PUSH	15
   537 000005BB 53                              	PUSH	EBX
   538 000005BC 6A 0E                           	PUSH	14
   539 000005BE 6A 07                           	PUSH	7
   540 000005C0 6A 10                           	PUSH	16
   541 000005C2 6A 20                           	PUSH	32
   542 000005C4 FF B5 FFFFFC60                  	PUSH	DWORD [-928+EBP]
   543 000005CA E8 00000381                     	CALL	_putfonts8_asc_sht
   544 000005CF 8B 85 FFFFFD98                  	MOV	EAX,DWORD [-616+EBP]
   545 000005D5 03 BD FFFFFD9C                  	ADD	EDI,DWORD [-612+EBP]
   546 000005DB 83 C4 1C                        	ADD	ESP,28
   547 000005DE 01 85 FFFFFC70                  	ADD	DWORD [-912+EBP],EAX
   548 000005E4 0F 88 000000A4                  	JS	L37
   549 000005EA                                 L22:
   550 000005EA 85 FF                           	TEST	EDI,EDI
   551 000005EC 0F 88 00000095                  	JS	L38
   552 000005F2                                 L23:
   553 000005F2 0F BF 05 00000FF4               	MOVSX	EAX,WORD [4084]
   554 000005F9 48                              	DEC	EAX
   555 000005FA 39 85 FFFFFC70                  	CMP	DWORD [-912+EBP],EAX
   556 00000600 7E 06                           	JLE	L24
   557 00000602 89 85 FFFFFC70                  	MOV	DWORD [-912+EBP],EAX
   558 00000608                                 L24:
   559 00000608 0F BF 05 00000FF6               	MOVSX	EAX,WORD [4086]
   560 0000060F 48                              	DEC	EAX
   561 00000610 39 C7                           	CMP	EDI,EAX
   562 00000612 7E 02                           	JLE	L25
   563 00000614 89 C7                           	MOV	EDI,EAX
   564 00000616                                 L25:
   565 00000616 57                              	PUSH	EDI
   566 00000617 FF B5 FFFFFC70                  	PUSH	DWORD [-912+EBP]
   567 0000061D 68 [00000064]                   	PUSH	LC2
   568 00000622 53                              	PUSH	EBX
   569 00000623 E8 [00000000]                   	CALL	_sprintf
   570 00000628 6A 0A                           	PUSH	10
   571 0000062A 53                              	PUSH	EBX
   572 0000062B 6A 0E                           	PUSH	14
   573 0000062D 6A 07                           	PUSH	7
   574 0000062F 6A 00                           	PUSH	0
   575 00000631 6A 00                           	PUSH	0
   576 00000633 FF B5 FFFFFC60                  	PUSH	DWORD [-928+EBP]
   577 00000639 E8 00000312                     	CALL	_putfonts8_asc_sht
   578 0000063E 83 C4 2C                        	ADD	ESP,44
   579 00000641 57                              	PUSH	EDI
   580 00000642 FF B5 FFFFFC70                  	PUSH	DWORD [-912+EBP]
   581 00000648 FF B5 FFFFFC5C                  	PUSH	DWORD [-932+EBP]
   582 0000064E E8 [00000000]                   	CALL	_sheet_slide
   583 00000653 83 C4 0C                        	ADD	ESP,12
   584 00000656 F7 85 FFFFFDA0 00000001         	TEST	DWORD [-608+EBP],1
   585 00000660 0F 84 FFFFFE0C                  	JE	L7
   586 00000666 8D 47 F8                        	LEA	EAX,DWORD [-8+EDI]
   587 00000669 50                              	PUSH	EAX
   588 0000066A 8B 85 FFFFFC70                  	MOV	EAX,DWORD [-912+EBP]
   589 00000670 83 E8 50                        	SUB	EAX,80
   590 00000673 50                              	PUSH	EAX
   591 00000674 FF B5 FFFFFC58                  	PUSH	DWORD [-936+EBP]
   592 0000067A E8 [00000000]                   	CALL	_sheet_slide
   593 0000067F 83 C4 0C                        	ADD	ESP,12
   594 00000682 E9 FFFFFDEB                     	JMP	L7
   595 00000687                                 L38:
   596 00000687 31 FF                           	XOR	EDI,EDI
   597 00000689 E9 FFFFFF64                     	JMP	L23
   598 0000068E                                 L37:
   599 0000068E C7 85 FFFFFC70 00000000         	MOV	DWORD [-912+EBP],0
   600 00000698 E9 FFFFFF4D                     	JMP	L22
   601 0000069D                                 L35:
   602 0000069D 50                              	PUSH	EAX
   603 0000069E 8D 5D A4                        	LEA	EBX,DWORD [-92+EBP]
   604 000006A1 68 [00000097]                   	PUSH	LC4
   605 000006A6 53                              	PUSH	EBX
   606 000006A7 E8 [00000000]                   	CALL	_sprintf
   607 000006AC 6A 02                           	PUSH	2
   608 000006AE 53                              	PUSH	EBX
   609 000006AF 6A 0E                           	PUSH	14
   610 000006B1 6A 07                           	PUSH	7
   611 000006B3 6A 10                           	PUSH	16
   612 000006B5 6A 00                           	PUSH	0
   613 000006B7 FF B5 FFFFFC60                  	PUSH	DWORD [-928+EBP]
   614 000006BD E8 0000028E                     	CALL	_putfonts8_asc_sht
   615 000006C2 83 C4 28                        	ADD	ESP,40
   616 000006C5 81 FE 00000153                  	CMP	ESI,339
   617 000006CB 7F 3E                           	JG	L13
   618 000006CD 8A 86 [FFFFFF00]                	MOV	AL,BYTE [_keytable.0-256+ESI]
   619 000006D3 84 C0                           	TEST	AL,AL
   620 000006D5 74 34                           	JE	L13
   621 000006D7 83 BD FFFFFC6C 7F               	CMP	DWORD [-916+EBP],127
   622 000006DE 7F 2B                           	JG	L13
   623 000006E0 6A 01                           	PUSH	1
   624 000006E2 88 45 A4                        	MOV	BYTE [-92+EBP],AL
   625 000006E5 53                              	PUSH	EBX
   626 000006E6 6A 07                           	PUSH	7
   627 000006E8 6A 00                           	PUSH	0
   628 000006EA 6A 1C                           	PUSH	28
   629 000006EC FF B5 FFFFFC6C                  	PUSH	DWORD [-916+EBP]
   630 000006F2 FF B5 FFFFFC58                  	PUSH	DWORD [-936+EBP]
   631 000006F8 C6 45 A5 00                     	MOV	BYTE [-91+EBP],0
   632 000006FC E8 0000024F                     	CALL	_putfonts8_asc_sht
   633 00000701 83 C4 1C                        	ADD	ESP,28
   634 00000704 83 85 FFFFFC6C 08               	ADD	DWORD [-916+EBP],8
   635 0000070B                                 L13:
   636 0000070B 81 FE 0000010E                  	CMP	ESI,270
   637 00000711 74 51                           	JE	L39
   638 00000713                                 L15:
   639 00000713 8B 85 FFFFFC6C                  	MOV	EAX,DWORD [-916+EBP]
   640 00000719 6A 2B                           	PUSH	43
   641 0000071B 83 C0 07                        	ADD	EAX,7
   642 0000071E 50                              	PUSH	EAX
   643 0000071F 8B 85 FFFFFC58                  	MOV	EAX,DWORD [-936+EBP]
   644 00000725 6A 1C                           	PUSH	28
   645 00000727 FF B5 FFFFFC6C                  	PUSH	DWORD [-916+EBP]
   646 0000072D FF B5 FFFFFC68                  	PUSH	DWORD [-920+EBP]
   647 00000733 FF 70 04                        	PUSH	DWORD [4+EAX]
   648 00000736 FF 30                           	PUSH	DWORD [EAX]
   649 00000738 E8 [00000000]                   	CALL	_boxfill8
   650 0000073D 8B 85 FFFFFC6C                  	MOV	EAX,DWORD [-916+EBP]
   651 00000743 6A 2C                           	PUSH	44
   652 00000745 83 C0 08                        	ADD	EAX,8
   653 00000748 50                              	PUSH	EAX
   654 00000749 6A 1C                           	PUSH	28
   655 0000074B FF B5 FFFFFC6C                  	PUSH	DWORD [-916+EBP]
   656 00000751 FF B5 FFFFFC58                  	PUSH	DWORD [-936+EBP]
   657 00000757 E8 [00000000]                   	CALL	_sheet_refresh
   658 0000075C 83 C4 30                        	ADD	ESP,48
   659 0000075F E9 FFFFFD0E                     	JMP	L7
   660 00000764                                 L39:
   661 00000764 83 BD FFFFFC6C 08               	CMP	DWORD [-916+EBP],8
   662 0000076B 7E A6                           	JLE	L15
   663 0000076D 6A 01                           	PUSH	1
   664 0000076F 68 [0000009C]                   	PUSH	LC5
   665 00000774 6A 07                           	PUSH	7
   666 00000776 6A 00                           	PUSH	0
   667 00000778 6A 1C                           	PUSH	28
   668 0000077A FF B5 FFFFFC6C                  	PUSH	DWORD [-916+EBP]
   669 00000780 FF B5 FFFFFC58                  	PUSH	DWORD [-936+EBP]
   670 00000786 E8 000001C5                     	CALL	_putfonts8_asc_sht
   671 0000078B 83 C4 1C                        	ADD	ESP,28
   672 0000078E 83 AD FFFFFC6C 08               	SUB	DWORD [-916+EBP],8
   673 00000795 E9 FFFFFF79                     	JMP	L15
   674 0000079A                                 L34:
   675 0000079A FF B5 FFFFFC54                  	PUSH	DWORD [-940+EBP]
   676 000007A0 E8 [00000000]                   	CALL	_task_sleep
   677 000007A5 E8 [00000000]                   	CALL	_io_sti
   678 000007AA 59                              	POP	ECX
   679 000007AB E9 FFFFFCC2                     	JMP	L7
   680                                          [SECTION .data]
   681 0000009E                                 _closebtn.1:
   682 0000009E 4F 4F 4F 4F 4F 4F 4F 4F 4F 4F   	DB	"OOOOOOOOOOOOOOO@"
       000000A8 4F 4F 4F 4F 4F 40 
   683 000000AE 4F 51 51 51 51 51 51 51 51 51   	DB	"OQQQQQQQQQQQQQ$@"
       000000B8 51 51 51 51 24 40 
   684 000000BE 4F 51 51 51 51 51 51 51 51 51   	DB	"OQQQQQQQQQQQQQ$@"
       000000C8 51 51 51 51 24 40 
   685 000000CE 4F 51 51 51 40 40 51 51 51 51   	DB	"OQQQ@@QQQQ@@QQ$@"
       000000D8 40 40 51 51 24 40 
   686 000000DE 4F 51 51 51 51 40 40 51 51 40   	DB	"OQQQQ@@QQ@@QQQ$@"
       000000E8 40 51 51 51 24 40 
   687 000000EE 4F 51 51 51 51 51 40 40 40 40   	DB	"OQQQQQ@@@@QQQQ$@"
       000000F8 51 51 51 51 24 40 
   688 000000FE 4F 51 51 51 51 51 51 40 40 51   	DB	"OQQQQQQ@@QQQQQ$@"
       00000108 51 51 51 51 24 40 
   689 0000010E 4F 51 51 51 51 51 40 40 40 40   	DB	"OQQQQQ@@@@QQQQ$@"
       00000118 51 51 51 51 24 40 
   690 0000011E 4F 51 51 51 51 40 40 51 51 40   	DB	"OQQQQ@@QQ@@QQQ$@"
       00000128 40 51 51 51 24 40 
   691 0000012E 4F 51 51 51 40 40 51 51 51 51   	DB	"OQQQ@@QQQQ@@QQ$@"
       00000138 40 40 51 51 24 40 
   692 0000013E 4F 51 51 51 51 51 51 51 51 51   	DB	"OQQQQQQQQQQQQQ$@"
       00000148 51 51 51 51 24 40 
   693 0000014E 4F 51 51 51 51 51 51 51 51 51   	DB	"OQQQQQQQQQQQQQ$@"
       00000158 51 51 51 51 24 40 
   694 0000015E 4F 24 24 24 24 24 24 24 24 24   	DB	"O$$$$$$$$$$$$$$@"
       00000168 24 24 24 24 24 40 
   695 0000016E 40 40 40 40 40 40 40 40 40 40   	DB	"@@@@@@@@@@@@@@@@"
       00000178 40 40 40 40 40 40 
   696                                          [SECTION .text]
   697 000007B0                                 	GLOBAL	_make_window8
   698 000007B0                                 _make_window8:
   699 000007B0 55                              	PUSH	EBP
   700 000007B1 89 E5                           	MOV	EBP,ESP
   701 000007B3 57                              	PUSH	EDI
   702 000007B4 56                              	PUSH	ESI
   703 000007B5 53                              	PUSH	EBX
   704 000007B6 83 EC 0C                        	SUB	ESP,12
   705 000007B9 80 7D 18 00                     	CMP	BYTE [24+EBP],0
   706 000007BD 0F 84 00000180                  	JE	L41
   707 000007C3 C6 45 EF 07                     	MOV	BYTE [-17+EBP],7
   708 000007C7 C6 45 EE 0C                     	MOV	BYTE [-18+EBP],12
   709 000007CB                                 L42:
   710 000007CB 8B 45 0C                        	MOV	EAX,DWORD [12+EBP]
   711 000007CE 6A 00                           	PUSH	0
   712 000007D0 48                              	DEC	EAX
   713 000007D1 50                              	PUSH	EAX
   714 000007D2 89 45 E8                        	MOV	DWORD [-24+EBP],EAX
   715 000007D5 6A 00                           	PUSH	0
   716 000007D7 6A 00                           	PUSH	0
   717 000007D9 6A 08                           	PUSH	8
   718 000007DB FF 75 0C                        	PUSH	DWORD [12+EBP]
   719 000007DE FF 75 08                        	PUSH	DWORD [8+EBP]
   720 000007E1 E8 [00000000]                   	CALL	_boxfill8
   721 000007E6 8B 75 0C                        	MOV	ESI,DWORD [12+EBP]
   722 000007E9 6A 01                           	PUSH	1
   723 000007EB 83 EE 02                        	SUB	ESI,2
   724 000007EE 56                              	PUSH	ESI
   725 000007EF 6A 01                           	PUSH	1
   726 000007F1 6A 01                           	PUSH	1
   727 000007F3 6A 07                           	PUSH	7
   728 000007F5 FF 75 0C                        	PUSH	DWORD [12+EBP]
   729 000007F8 FF 75 08                        	PUSH	DWORD [8+EBP]
   730 000007FB E8 [00000000]                   	CALL	_boxfill8
   731 00000800 8B 7D 10                        	MOV	EDI,DWORD [16+EBP]
   732 00000803 83 C4 38                        	ADD	ESP,56
   733 00000806 4F                              	DEC	EDI
   734 00000807 57                              	PUSH	EDI
   735 00000808 6A 00                           	PUSH	0
   736 0000080A 6A 00                           	PUSH	0
   737 0000080C 6A 00                           	PUSH	0
   738 0000080E 6A 08                           	PUSH	8
   739 00000810 FF 75 0C                        	PUSH	DWORD [12+EBP]
   740 00000813 FF 75 08                        	PUSH	DWORD [8+EBP]
   741 00000816 E8 [00000000]                   	CALL	_boxfill8
   742 0000081B 8B 5D 10                        	MOV	EBX,DWORD [16+EBP]
   743 0000081E 83 EB 02                        	SUB	EBX,2
   744 00000821 53                              	PUSH	EBX
   745 00000822 6A 01                           	PUSH	1
   746 00000824 6A 01                           	PUSH	1
   747 00000826 6A 01                           	PUSH	1
   748 00000828 6A 07                           	PUSH	7
   749 0000082A FF 75 0C                        	PUSH	DWORD [12+EBP]
   750 0000082D FF 75 08                        	PUSH	DWORD [8+EBP]
   751 00000830 E8 [00000000]                   	CALL	_boxfill8
   752 00000835 83 C4 38                        	ADD	ESP,56
   753 00000838 53                              	PUSH	EBX
   754 00000839 56                              	PUSH	ESI
   755 0000083A 6A 01                           	PUSH	1
   756 0000083C 56                              	PUSH	ESI
   757 0000083D 6A 0F                           	PUSH	15
   758 0000083F FF 75 0C                        	PUSH	DWORD [12+EBP]
   759 00000842 FF 75 08                        	PUSH	DWORD [8+EBP]
   760 00000845 E8 [00000000]                   	CALL	_boxfill8
   761 0000084A 57                              	PUSH	EDI
   762 0000084B FF 75 E8                        	PUSH	DWORD [-24+EBP]
   763 0000084E 6A 00                           	PUSH	0
   764 00000850 FF 75 E8                        	PUSH	DWORD [-24+EBP]
   765 00000853 6A 00                           	PUSH	0
   766 00000855 FF 75 0C                        	PUSH	DWORD [12+EBP]
   767 00000858 FF 75 08                        	PUSH	DWORD [8+EBP]
   768 0000085B E8 [00000000]                   	CALL	_boxfill8
   769 00000860 8B 45 10                        	MOV	EAX,DWORD [16+EBP]
   770 00000863 83 C4 38                        	ADD	ESP,56
   771 00000866 83 E8 03                        	SUB	EAX,3
   772 00000869 50                              	PUSH	EAX
   773 0000086A 8B 45 0C                        	MOV	EAX,DWORD [12+EBP]
   774 0000086D 83 E8 03                        	SUB	EAX,3
   775 00000870 50                              	PUSH	EAX
   776 00000871 6A 02                           	PUSH	2
   777 00000873 6A 02                           	PUSH	2
   778 00000875 6A 08                           	PUSH	8
   779 00000877 FF 75 0C                        	PUSH	DWORD [12+EBP]
   780 0000087A FF 75 08                        	PUSH	DWORD [8+EBP]
   781 0000087D E8 [00000000]                   	CALL	_boxfill8
   782 00000882 8B 45 0C                        	MOV	EAX,DWORD [12+EBP]
   783 00000885 6A 14                           	PUSH	20
   784 00000887 83 E8 04                        	SUB	EAX,4
   785 0000088A 50                              	PUSH	EAX
   786 0000088B 6A 03                           	PUSH	3
   787 0000088D 6A 03                           	PUSH	3
   788 0000088F 0F B6 45 EE                     	MOVZX	EAX,BYTE [-18+EBP]
   789 00000893 50                              	PUSH	EAX
   790 00000894 FF 75 0C                        	PUSH	DWORD [12+EBP]
   791 00000897 FF 75 08                        	PUSH	DWORD [8+EBP]
   792 0000089A E8 [00000000]                   	CALL	_boxfill8
   793 0000089F 83 C4 38                        	ADD	ESP,56
   794 000008A2 53                              	PUSH	EBX
   795 000008A3 56                              	PUSH	ESI
   796 000008A4 53                              	PUSH	EBX
   797 000008A5 6A 01                           	PUSH	1
   798 000008A7 6A 0F                           	PUSH	15
   799 000008A9 FF 75 0C                        	PUSH	DWORD [12+EBP]
   800 000008AC FF 75 08                        	PUSH	DWORD [8+EBP]
   801 000008AF E8 [00000000]                   	CALL	_boxfill8
   802 000008B4 57                              	PUSH	EDI
   803 000008B5 FF 75 E8                        	PUSH	DWORD [-24+EBP]
   804 000008B8 57                              	PUSH	EDI
   805 000008B9 31 FF                           	XOR	EDI,EDI
   806 000008BB 6A 00                           	PUSH	0
   807 000008BD 6A 00                           	PUSH	0
   808 000008BF FF 75 0C                        	PUSH	DWORD [12+EBP]
   809 000008C2 FF 75 08                        	PUSH	DWORD [8+EBP]
   810 000008C5 E8 [00000000]                   	CALL	_boxfill8
   811 000008CA 83 C4 38                        	ADD	ESP,56
   812 000008CD FF 75 14                        	PUSH	DWORD [20+EBP]
   813 000008D0 0F BE 45 EF                     	MOVSX	EAX,BYTE [-17+EBP]
   814 000008D4 50                              	PUSH	EAX
   815 000008D5 6A 04                           	PUSH	4
   816 000008D7 6A 18                           	PUSH	24
   817 000008D9 FF 75 0C                        	PUSH	DWORD [12+EBP]
   818 000008DC FF 75 08                        	PUSH	DWORD [8+EBP]
   819 000008DF E8 [00000000]                   	CALL	_putfonts8_asc
   820 000008E4 83 C4 18                        	ADD	ESP,24
   821 000008E7 6B 5D 0C 05                     	IMUL	EBX,DWORD [12+EBP],5
   822 000008EB C7 45 F0 00000000               	MOV	DWORD [-16+EBP],0
   823 000008F2                                 L58:
   824 000008F2 8B 45 0C                        	MOV	EAX,DWORD [12+EBP]
   825 000008F5 8B 55 08                        	MOV	EDX,DWORD [8+EBP]
   826 000008F8 01 D8                           	ADD	EAX,EBX
   827 000008FA 31 F6                           	XOR	ESI,ESI
   828 000008FC 8D 4C 02 EB                     	LEA	ECX,DWORD [-21+EDX+EAX*1]
   829 00000900                                 L57:
   830 00000900 8A 94 3E [0000009E]             	MOV	DL,BYTE [_closebtn.1+ESI+EDI*1]
   831 00000907 80 FA 40                        	CMP	DL,64
   832 0000090A 74 33                           	JE	L63
   833 0000090C 80 FA 24                        	CMP	DL,36
   834 0000090F 74 2A                           	JE	L64
   835 00000911 80 FA 51                        	CMP	DL,81
   836 00000914 B2 08                           	MOV	DL,8
   837 00000916 0F 95 C0                        	SETNE	AL
   838 00000919 28 C2                           	SUB	DL,AL
   839 0000091B                                 L52:
   840 0000091B 46                              	INC	ESI
   841 0000091C 88 11                           	MOV	BYTE [ECX],DL
   842 0000091E 41                              	INC	ECX
   843 0000091F 83 FE 0F                        	CMP	ESI,15
   844 00000922 7E DC                           	JLE	L57
   845 00000924 FF 45 F0                        	INC	DWORD [-16+EBP]
   846 00000927 83 C7 10                        	ADD	EDI,16
   847 0000092A 03 5D 0C                        	ADD	EBX,DWORD [12+EBP]
   848 0000092D 83 7D F0 0D                     	CMP	DWORD [-16+EBP],13
   849 00000931 7E BF                           	JLE	L58
   850 00000933 8D 65 F4                        	LEA	ESP,DWORD [-12+EBP]
   851 00000936 5B                              	POP	EBX
   852 00000937 5E                              	POP	ESI
   853 00000938 5F                              	POP	EDI
   854 00000939 5D                              	POP	EBP
   855 0000093A C3                              	RET
   856 0000093B                                 L64:
   857 0000093B B2 0F                           	MOV	DL,15
   858 0000093D EB DC                           	JMP	L52
   859 0000093F                                 L63:
   860 0000093F 31 D2                           	XOR	EDX,EDX
   861 00000941 EB D8                           	JMP	L52
   862 00000943                                 L41:
   863 00000943 C6 45 EF 08                     	MOV	BYTE [-17+EBP],8
   864 00000947 C6 45 EE 0F                     	MOV	BYTE [-18+EBP],15
   865 0000094B E9 FFFFFE7B                     	JMP	L42
   866 00000950                                 	GLOBAL	_putfonts8_asc_sht
   867 00000950                                 _putfonts8_asc_sht:
   868 00000950 55                              	PUSH	EBP
   869 00000951 89 E5                           	MOV	EBP,ESP
   870 00000953 57                              	PUSH	EDI
   871 00000954 56                              	PUSH	ESI
   872 00000955 53                              	PUSH	EBX
   873 00000956 83 EC 0C                        	SUB	ESP,12
   874 00000959 8B 45 08                        	MOV	EAX,DWORD [8+EBP]
   875 0000095C 8B 7D 10                        	MOV	EDI,DWORD [16+EBP]
   876 0000095F 89 45 F0                        	MOV	DWORD [-16+EBP],EAX
   877 00000962 8B 5D 14                        	MOV	EBX,DWORD [20+EBP]
   878 00000965 8B 45 0C                        	MOV	EAX,DWORD [12+EBP]
   879 00000968 89 45 EC                        	MOV	DWORD [-20+EBP],EAX
   880 0000096B 8B 45 1C                        	MOV	EAX,DWORD [28+EBP]
   881 0000096E 89 45 E8                        	MOV	DWORD [-24+EBP],EAX
   882 00000971 8D 47 0F                        	LEA	EAX,DWORD [15+EDI]
   883 00000974 50                              	PUSH	EAX
   884 00000975 8B 45 EC                        	MOV	EAX,DWORD [-20+EBP]
   885 00000978 8B 75 20                        	MOV	ESI,DWORD [32+EBP]
   886 0000097B 0F BE DB                        	MOVSX	EBX,BL
   887 0000097E 8D 34 F0                        	LEA	ESI,DWORD [EAX+ESI*8]
   888 00000981 8D 46 FF                        	LEA	EAX,DWORD [-1+ESI]
   889 00000984 50                              	PUSH	EAX
   890 00000985 57                              	PUSH	EDI
   891 00000986 FF 75 EC                        	PUSH	DWORD [-20+EBP]
   892 00000989 0F B6 45 18                     	MOVZX	EAX,BYTE [24+EBP]
   893 0000098D 50                              	PUSH	EAX
   894 0000098E 8B 45 F0                        	MOV	EAX,DWORD [-16+EBP]
   895 00000991 FF 70 04                        	PUSH	DWORD [4+EAX]
   896 00000994 FF 30                           	PUSH	DWORD [EAX]
   897 00000996 E8 [00000000]                   	CALL	_boxfill8
   898 0000099B FF 75 E8                        	PUSH	DWORD [-24+EBP]
   899 0000099E 53                              	PUSH	EBX
   900 0000099F 57                              	PUSH	EDI
   901 000009A0 FF 75 EC                        	PUSH	DWORD [-20+EBP]
   902 000009A3 8B 45 F0                        	MOV	EAX,DWORD [-16+EBP]
   903 000009A6 FF 70 04                        	PUSH	DWORD [4+EAX]
   904 000009A9 FF 30                           	PUSH	DWORD [EAX]
   905 000009AB E8 [00000000]                   	CALL	_putfonts8_asc
   906 000009B0 89 7D 10                        	MOV	DWORD [16+EBP],EDI
   907 000009B3 8D 47 10                        	LEA	EAX,DWORD [16+EDI]
   908 000009B6 89 75 14                        	MOV	DWORD [20+EBP],ESI
   909 000009B9 89 45 18                        	MOV	DWORD [24+EBP],EAX
   910 000009BC 83 C4 34                        	ADD	ESP,52
   911 000009BF 8B 45 EC                        	MOV	EAX,DWORD [-20+EBP]
   912 000009C2 89 45 0C                        	MOV	DWORD [12+EBP],EAX
   913 000009C5 8B 45 F0                        	MOV	EAX,DWORD [-16+EBP]
   914 000009C8 89 45 08                        	MOV	DWORD [8+EBP],EAX
   915 000009CB 8D 65 F4                        	LEA	ESP,DWORD [-12+EBP]
   916 000009CE 5B                              	POP	EBX
   917 000009CF 5E                              	POP	ESI
   918 000009D0 5F                              	POP	EDI
   919 000009D1 5D                              	POP	EBP
   920 000009D2 E9 [00000000]                   	JMP	_sheet_refresh
   921 000009D7                                 	GLOBAL	_make_textbox8
   922 000009D7                                 _make_textbox8:
   923 000009D7 55                              	PUSH	EBP
   924 000009D8 89 E5                           	MOV	EBP,ESP
   925 000009DA 57                              	PUSH	EDI
   926 000009DB 56                              	PUSH	ESI
   927 000009DC 53                              	PUSH	EBX
   928 000009DD 83 EC 14                        	SUB	ESP,20
   929 000009E0 8B 45 0C                        	MOV	EAX,DWORD [12+EBP]
   930 000009E3 8B 75 10                        	MOV	ESI,DWORD [16+EBP]
   931 000009E6 03 45 14                        	ADD	EAX,DWORD [20+EBP]
   932 000009E9 83 EE 03                        	SUB	ESI,3
   933 000009EC 56                              	PUSH	ESI
   934 000009ED 89 45 F0                        	MOV	DWORD [-16+EBP],EAX
   935 000009F0 8B 45 10                        	MOV	EAX,DWORD [16+EBP]
   936 000009F3 03 45 18                        	ADD	EAX,DWORD [24+EBP]
   937 000009F6 89 45 EC                        	MOV	DWORD [-20+EBP],EAX
   938 000009F9 8B 45 F0                        	MOV	EAX,DWORD [-16+EBP]
   939 000009FC 40                              	INC	EAX
   940 000009FD 50                              	PUSH	EAX
   941 000009FE 89 45 E8                        	MOV	DWORD [-24+EBP],EAX
   942 00000A01 8B 45 0C                        	MOV	EAX,DWORD [12+EBP]
   943 00000A04 56                              	PUSH	ESI
   944 00000A05 83 E8 02                        	SUB	EAX,2
   945 00000A08 50                              	PUSH	EAX
   946 00000A09 89 45 E4                        	MOV	DWORD [-28+EBP],EAX
   947 00000A0C 8B 45 08                        	MOV	EAX,DWORD [8+EBP]
   948 00000A0F 6A 0F                           	PUSH	15
   949 00000A11 FF 70 04                        	PUSH	DWORD [4+EAX]
   950 00000A14 FF 30                           	PUSH	DWORD [EAX]
   951 00000A16 E8 [00000000]                   	CALL	_boxfill8
   952 00000A1B 8B 7D 0C                        	MOV	EDI,DWORD [12+EBP]
   953 00000A1E 8B 45 EC                        	MOV	EAX,DWORD [-20+EBP]
   954 00000A21 83 EF 03                        	SUB	EDI,3
   955 00000A24 40                              	INC	EAX
   956 00000A25 50                              	PUSH	EAX
   957 00000A26 89 45 E0                        	MOV	DWORD [-32+EBP],EAX
   958 00000A29 57                              	PUSH	EDI
   959 00000A2A 8B 45 08                        	MOV	EAX,DWORD [8+EBP]
   960 00000A2D 56                              	PUSH	ESI
   961 00000A2E 57                              	PUSH	EDI
   962 00000A2F 6A 0F                           	PUSH	15
   963 00000A31 FF 70 04                        	PUSH	DWORD [4+EAX]
   964 00000A34 FF 30                           	PUSH	DWORD [EAX]
   965 00000A36 E8 [00000000]                   	CALL	_boxfill8
   966 00000A3B 8B 45 08                        	MOV	EAX,DWORD [8+EBP]
   967 00000A3E 83 C4 38                        	ADD	ESP,56
   968 00000A41 8B 5D EC                        	MOV	EBX,DWORD [-20+EBP]
   969 00000A44 83 C3 02                        	ADD	EBX,2
   970 00000A47 53                              	PUSH	EBX
   971 00000A48 FF 75 E8                        	PUSH	DWORD [-24+EBP]
   972 00000A4B 53                              	PUSH	EBX
   973 00000A4C 57                              	PUSH	EDI
   974 00000A4D 6A 07                           	PUSH	7
   975 00000A4F FF 70 04                        	PUSH	DWORD [4+EAX]
   976 00000A52 FF 30                           	PUSH	DWORD [EAX]
   977 00000A54 E8 [00000000]                   	CALL	_boxfill8
   978 00000A59 8B 45 F0                        	MOV	EAX,DWORD [-16+EBP]
   979 00000A5C 53                              	PUSH	EBX
   980 00000A5D 83 C0 02                        	ADD	EAX,2
   981 00000A60 50                              	PUSH	EAX
   982 00000A61 56                              	PUSH	ESI
   983 00000A62 50                              	PUSH	EAX
   984 00000A63 8B 45 08                        	MOV	EAX,DWORD [8+EBP]
   985 00000A66 6A 07                           	PUSH	7
   986 00000A68 FF 70 04                        	PUSH	DWORD [4+EAX]
   987 00000A6B FF 30                           	PUSH	DWORD [EAX]
   988 00000A6D E8 [00000000]                   	CALL	_boxfill8
   989 00000A72 8B 45 08                        	MOV	EAX,DWORD [8+EBP]
   990 00000A75 83 C4 38                        	ADD	ESP,56
   991 00000A78 8B 5D 10                        	MOV	EBX,DWORD [16+EBP]
   992 00000A7B 83 EB 02                        	SUB	EBX,2
   993 00000A7E 8B 7D 0C                        	MOV	EDI,DWORD [12+EBP]
   994 00000A81 53                              	PUSH	EBX
   995 00000A82 4F                              	DEC	EDI
   996 00000A83 FF 75 F0                        	PUSH	DWORD [-16+EBP]
   997 00000A86 53                              	PUSH	EBX
   998 00000A87 57                              	PUSH	EDI
   999 00000A88 6A 00                           	PUSH	0
  1000 00000A8A FF 70 04                        	PUSH	DWORD [4+EAX]
  1001 00000A8D FF 30                           	PUSH	DWORD [EAX]
  1002 00000A8F E8 [00000000]                   	CALL	_boxfill8
  1003 00000A94 8B 45 08                        	MOV	EAX,DWORD [8+EBP]
  1004 00000A97 FF 75 EC                        	PUSH	DWORD [-20+EBP]
  1005 00000A9A FF 75 E4                        	PUSH	DWORD [-28+EBP]
  1006 00000A9D 53                              	PUSH	EBX
  1007 00000A9E FF 75 E4                        	PUSH	DWORD [-28+EBP]
  1008 00000AA1 6A 00                           	PUSH	0
  1009 00000AA3 FF 70 04                        	PUSH	DWORD [4+EAX]
  1010 00000AA6 FF 30                           	PUSH	DWORD [EAX]
  1011 00000AA8 E8 [00000000]                   	CALL	_boxfill8
  1012 00000AAD 8B 45 08                        	MOV	EAX,DWORD [8+EBP]
  1013 00000AB0 83 C4 38                        	ADD	ESP,56
  1014 00000AB3 FF 75 E0                        	PUSH	DWORD [-32+EBP]
  1015 00000AB6 FF 75 F0                        	PUSH	DWORD [-16+EBP]
  1016 00000AB9 FF 75 E0                        	PUSH	DWORD [-32+EBP]
  1017 00000ABC FF 75 E4                        	PUSH	DWORD [-28+EBP]
  1018 00000ABF 6A 08                           	PUSH	8
  1019 00000AC1 FF 70 04                        	PUSH	DWORD [4+EAX]
  1020 00000AC4 FF 30                           	PUSH	DWORD [EAX]
  1021 00000AC6 E8 [00000000]                   	CALL	_boxfill8
  1022 00000ACB 8B 45 08                        	MOV	EAX,DWORD [8+EBP]
  1023 00000ACE FF 75 E0                        	PUSH	DWORD [-32+EBP]
  1024 00000AD1 FF 75 E8                        	PUSH	DWORD [-24+EBP]
  1025 00000AD4 53                              	PUSH	EBX
  1026 00000AD5 FF 75 E8                        	PUSH	DWORD [-24+EBP]
  1027 00000AD8 6A 08                           	PUSH	8
  1028 00000ADA FF 70 04                        	PUSH	DWORD [4+EAX]
  1029 00000ADD FF 30                           	PUSH	DWORD [EAX]
  1030 00000ADF E8 [00000000]                   	CALL	_boxfill8
  1031 00000AE4 8B 45 10                        	MOV	EAX,DWORD [16+EBP]
  1032 00000AE7 83 C4 38                        	ADD	ESP,56
  1033 00000AEA 48                              	DEC	EAX
  1034 00000AEB FF 75 EC                        	PUSH	DWORD [-20+EBP]
  1035 00000AEE FF 75 F0                        	PUSH	DWORD [-16+EBP]
  1036 00000AF1 50                              	PUSH	EAX
  1037 00000AF2 57                              	PUSH	EDI
  1038 00000AF3 0F B6 45 1C                     	MOVZX	EAX,BYTE [28+EBP]
  1039 00000AF7 50                              	PUSH	EAX
  1040 00000AF8 8B 45 08                        	MOV	EAX,DWORD [8+EBP]
  1041 00000AFB FF 70 04                        	PUSH	DWORD [4+EAX]
  1042 00000AFE FF 30                           	PUSH	DWORD [EAX]
  1043 00000B00 E8 [00000000]                   	CALL	_boxfill8
  1044 00000B05 8D 65 F4                        	LEA	ESP,DWORD [-12+EBP]
  1045 00000B08 5B                              	POP	EBX
  1046 00000B09 5E                              	POP	ESI
  1047 00000B0A 5F                              	POP	EDI
  1048 00000B0B 5D                              	POP	EBP
  1049 00000B0C C3                              	RET
  1050                                          [SECTION .data]
  1051 0000017E                                 LC7:
  1052 0000017E 25 31 31 64 00                  	DB	"%11d",0x00
  1053                                          [SECTION .text]
  1054 00000B0D                                 	GLOBAL	_task_b_main
  1055 00000B0D                                 _task_b_main:
  1056 00000B0D 55                              	PUSH	EBP
  1057 00000B0E 89 E5                           	MOV	EBP,ESP
  1058 00000B10 57                              	PUSH	EDI
  1059 00000B11 56                              	PUSH	ESI
  1060 00000B12 31 FF                           	XOR	EDI,EDI
  1061 00000B14 53                              	PUSH	EBX
  1062 00000B15 8D 85 FFFFFDD4                  	LEA	EAX,DWORD [-556+EBP]
  1063 00000B1B 81 EC 00000234                  	SUB	ESP,564
  1064 00000B21 8D 5D D4                        	LEA	EBX,DWORD [-44+EBP]
  1065 00000B24 C7 85 FFFFFDC0 00000000         	MOV	DWORD [-576+EBP],0
  1066 00000B2E 6A 00                           	PUSH	0
  1067 00000B30 50                              	PUSH	EAX
  1068 00000B31 68 00000080                     	PUSH	128
  1069 00000B36 53                              	PUSH	EBX
  1070 00000B37 E8 [00000000]                   	CALL	_fifo32_init
  1071 00000B3C E8 [00000000]                   	CALL	_timer_alloc
  1072 00000B41 6A 64                           	PUSH	100
  1073 00000B43 53                              	PUSH	EBX
  1074 00000B44 89 C6                           	MOV	ESI,EAX
  1075 00000B46 50                              	PUSH	EAX
  1076 00000B47 E8 [00000000]                   	CALL	_timer_init
  1077 00000B4C 6A 64                           	PUSH	100
  1078 00000B4E 56                              	PUSH	ESI
  1079 00000B4F E8 [00000000]                   	CALL	_timer_settime
  1080 00000B54 83 C4 24                        	ADD	ESP,36
  1081 00000B57                                 L68:
  1082 00000B57 8D 5D D4                        	LEA	EBX,DWORD [-44+EBP]
  1083 00000B5A E8 [00000000]                   	CALL	_io_cli
  1084 00000B5F 53                              	PUSH	EBX
  1085 00000B60 47                              	INC	EDI
  1086 00000B61 E8 [00000000]                   	CALL	_fifo32_status
  1087 00000B66 5A                              	POP	EDX
  1088 00000B67 85 C0                           	TEST	EAX,EAX
  1089 00000B69 74 55                           	JE	L74
  1090 00000B6B 53                              	PUSH	EBX
  1091 00000B6C E8 [00000000]                   	CALL	_fifo32_get
  1092 00000B71 89 C3                           	MOV	EBX,EAX
  1093 00000B73 E8 [00000000]                   	CALL	_io_sti
  1094 00000B78 59                              	POP	ECX
  1095 00000B79 83 FB 64                        	CMP	EBX,100
  1096 00000B7C 75 D9                           	JNE	L68
  1097 00000B7E 89 F8                           	MOV	EAX,EDI
  1098 00000B80 8D 9D FFFFFDC4                  	LEA	EBX,DWORD [-572+EBP]
  1099 00000B86 2B 85 FFFFFDC0                  	SUB	EAX,DWORD [-576+EBP]
  1100 00000B8C 50                              	PUSH	EAX
  1101 00000B8D 68 [0000017E]                   	PUSH	LC7
  1102 00000B92 53                              	PUSH	EBX
  1103 00000B93 E8 [00000000]                   	CALL	_sprintf
  1104 00000B98 6A 0B                           	PUSH	11
  1105 00000B9A 53                              	PUSH	EBX
  1106 00000B9B 6A 08                           	PUSH	8
  1107 00000B9D 6A 00                           	PUSH	0
  1108 00000B9F 6A 1C                           	PUSH	28
  1109 00000BA1 6A 18                           	PUSH	24
  1110 00000BA3 FF 75 08                        	PUSH	DWORD [8+EBP]
  1111 00000BA6 E8 FFFFFDA5                     	CALL	_putfonts8_asc_sht
  1112 00000BAB 83 C4 28                        	ADD	ESP,40
  1113 00000BAE 89 BD FFFFFDC0                  	MOV	DWORD [-576+EBP],EDI
  1114 00000BB4 6A 64                           	PUSH	100
  1115 00000BB6 56                              	PUSH	ESI
  1116 00000BB7 E8 [00000000]                   	CALL	_timer_settime
  1117 00000BBC 58                              	POP	EAX
  1118 00000BBD 5A                              	POP	EDX
  1119 00000BBE EB 97                           	JMP	L68
  1120 00000BC0                                 L74:
  1121 00000BC0 E8 [00000000]                   	CALL	_io_sti
  1122 00000BC5 EB 90                           	JMP	L68
